Mon Oct 14 13:50:43 IST 2024 - https://gradle.com/s/jz7juqwrlqhro
Tue Nov 05 12:01:23 IST 2024 - https://gradle.com/s/hemqavhoqk5vg
Tue Nov 05 12:10:26 IST 2024 - https://gradle.com/s/ds6h3ylefewo6
Tue Nov 05 13:00:06 IST 2024 - https://gradle.com/s/5u4fre3u7eddu
Tue Nov 05 13:02:04 IST 2024 - https://gradle.com/s/mbr5qab3eyhes
Tue Nov 05 13:12:32 IST 2024 - https://gradle.com/s/zp2sdnggal6ae
Tue Nov 05 13:18:50 IST 2024 - https://gradle.com/s/vjclyngloh4ow
Tue Nov 05 13:19:09 IST 2024 - https://gradle.com/s/adl2a7wrgamku
Tue Nov 05 13:19:17 IST 2024 - https://gradle.com/s/pcuo6irezwkse
Tue Nov 05 13:19:47 IST 2024 - https://gradle.com/s/y3xrroztypiw4
Tue Nov 05 13:20:22 IST 2024 - https://gradle.com/s/mhdr53kxqajv6
Tue Nov 05 13:26:51 IST 2024 - https://gradle.com/s/hknmdm4l7cc6s
Tue Nov 05 15:18:05 IST 2024 - https://gradle.com/s/c65thggeiydc4
Tue Nov 05 15:18:21 IST 2024 - https://gradle.com/s/gysgskuclgbc4
Tue Nov 05 15:18:41 IST 2024 - https://gradle.com/s/u52366l3hyu6i
Tue Nov 05 16:28:50 IST 2024 - https://gradle.com/s/wzt72pokmtaz2
Wed Nov 13 18:47:13 IST 2024 - https://gradle.com/s/wie2zwvyamnmc
Wed Nov 13 18:50:07 IST 2024 - https://gradle.com/s/rauumgcznkmwm
Wed Nov 13 18:52:08 IST 2024 - https://gradle.com/s/rxkhoxmn3c3b4
Wed Nov 13 18:53:11 IST 2024 - https://gradle.com/s/t7prvosrbzo7c
Wed Nov 13 18:54:34 IST 2024 - https://gradle.com/s/g2myiteb2el5u
Wed Nov 13 22:09:41 IST 2024 - https://gradle.com/s/jytm5o4qf7gnc
Wed Nov 13 22:10:10 IST 2024 - https://gradle.com/s/4tnhjxhhkwim2
Wed Nov 13 22:11:28 IST 2024 - https://gradle.com/s/xvoqdyhurkgt4
Wed Nov 13 22:12:01 IST 2024 - https://gradle.com/s/du5eljrhk6rpe
Wed Nov 13 22:28:56 IST 2024 - https://gradle.com/s/nvdf34ayuceqw
Thu Nov 14 03:56:51 IST 2024 - https://gradle.com/s/ligkmd3tkpd5y
Thu Nov 14 04:44:44 IST 2024 - https://gradle.com/s/k3lfbpzbhgplc
Thu Nov 14 19:27:02 IST 2024 - https://gradle.com/s/h6i3tw54ptyjw
Fri Nov 15 10:26:53 IST 2024 - https://gradle.com/s/ic5hfbpv4cfz2
Fri Nov 15 10:27:02 IST 2024 - https://gradle.com/s/7vywh2uhyr4wa
Fri Nov 15 12:37:54 IST 2024 - https://gradle.com/s/7zs5ztycauqz6
Sat Nov 16 21:37:56 IST 2024 - https://gradle.com/s/t4fv5ttn7nhhu
Sun Nov 17 16:23:58 IST 2024 - https://gradle.com/s/kk4gtep4c7jgs
Sun Nov 17 17:02:28 IST 2024 - https://gradle.com/s/tdn2a4k2mm67g
Sun Nov 17 17:44:30 IST 2024 - https://gradle.com/s/qn7njk67jxles
Mon Nov 18 21:23:54 IST 2024 - https://gradle.com/s/ynroxg7jqngie
Mon Nov 18 23:35:43 IST 2024 - https://gradle.com/s/3ry7z6nwv57sg
Wed Nov 20 13:49:37 IST 2024 - https://gradle.com/s/7fykpgbhouw6q
Wed Nov 20 14:31:42 IST 2024 - https://gradle.com/s/4dwprktjecedq
Wed Nov 20 16:20:43 IST 2024 - https://gradle.com/s/nbjl4gmtykclc
Wed Nov 20 16:21:06 IST 2024 - https://gradle.com/s/ryuvb7btf4f2o
Wed Nov 20 16:22:01 IST 2024 - https://gradle.com/s/5ntyo7mxo4yik
Wed Nov 20 16:24:05 IST 2024 - https://gradle.com/s/zb5xa4mrmvrc6
Wed Nov 20 16:25:16 IST 2024 - https://gradle.com/s/mfiskoq5mdnpk
Wed Nov 20 16:26:28 IST 2024 - https://gradle.com/s/y34nocld2ptye
Wed Nov 20 16:27:31 IST 2024 - https://gradle.com/s/ahu3vdsfjrias
Wed Nov 20 16:38:15 IST 2024 - https://gradle.com/s/74db4rgbnk4pa
Thu Nov 21 16:38:12 IST 2024 - https://gradle.com/s/beymplixgjzfo
Thu Nov 21 20:03:42 IST 2024 - https://gradle.com/s/cqykocrcnszl4
